<?xml version="1.0" encoding="UTF-8"?>
<!-- Generated by org.testng.reporters.JUnitReportReporter -->
<testsuite hostname="DESKTOP-GRII2GK" failures="0" tests="7" name="org.execution.RunnerClass" time="33.401" errors="0" timestamp="28 Jan 2025 08:09:19 GMT" skipped="0">
  <testcase classname="org.execution.RunnerClass" name="verifyTheCurrentUrl" time="1.120"/>
  <testcase classname="org.execution.RunnerClass" name="verifyTheTitle" time="0.048"/>
  <testcase classname="org.execution.RunnerClass" name="toTestWhetherUserAbleToSearchTheStockSymbolTeslaOnTheYahooFinanceHomePage" time="0.879"/>
  <testcase classname="org.execution.RunnerClass" name="verifyTheAutoSuggestUponTypingTheTSLA" time="30.150"/>
  <testcase classname="org.execution.RunnerClass" name="validateTheTeslaStockPage" time="0.083"/>
  <testcase classname="org.execution.RunnerClass" name="verifyTesleStockPrice" time="0.100"/>
  <testcase classname="org.execution.RunnerClass" name="verifyUserAbleTocaptueAdditionalInformationlikePreviousCloseAndVolumeFromTheStockDetailsPage" time="1.021"/>
</testsuite> <!-- org.execution.RunnerClass -->
